<?xml version="1.0" encoding="UTF-8"?>
<testng-results skipped="0" failed="0" total="1" passed="1">
  <reporter-output>
  </reporter-output>
  <suite name="Default suite" duration-ms="18870" started-at="2021-03-05T10:29:18Z" finished-at="2021-03-05T10:29:37Z">
    <groups>
    </groups>
    <test name="Default test" duration-ms="18870" started-at="2021-03-05T10:29:18Z" finished-at="2021-03-05T10:29:37Z">
      <class name="Testcases.SelectIcedTeaTest">
        <test-method status="PASS" signature="setup()[pri:0, instance:Testcases.SelectIcedTeaTest@ea4a92b]" name="setup" is-config="true" duration-ms="5346" started-at="2021-03-05T15:59:18Z" finished-at="2021-03-05T15:59:24Z">
          <reporter-output>
          </reporter-output>
        </test-method> <!-- setup -->
        <test-method status="PASS" signature="AddAamPannaTest()[pri:0, instance:Testcases.SelectIcedTeaTest@ea4a92b]" name="AddAamPannaTest" duration-ms="13515" started-at="2021-03-05T15:59:24Z" finished-at="2021-03-05T15:59:37Z">
          <reporter-output>
          </reporter-output>
        </test-method> <!-- AddAamPannaTest -->
      </class> <!-- Testcases.SelectIcedTeaTest -->
    </test> <!-- Default test -->
  </suite> <!-- Default suite -->
</testng-results>
